definitions: spneumoniae.txt
11206 profiles
sourced from: http://pubmlst.org/data/profiles/spneumoniae.txt

locus aroE
aroE.fas
Sourced from http://pubmlst.org/data/alleles/spneumoniae/aroE.tfa

locus gdh
gdh.fas
Sourced from http://pubmlst.org/data/alleles/spneumoniae/gdh.tfa

locus gki
gki.fas
Sourced from http://pubmlst.org/data/alleles/spneumoniae/gki.tfa

locus recP
recP.fas
Sourced from http://pubmlst.org/data/alleles/spneumoniae/recP.tfa

locus spi
spi.fas
Sourced from http://pubmlst.org/data/alleles/spneumoniae/spi.tfa

locus xpt
xpt.fas
Sourced from http://pubmlst.org/data/alleles/spneumoniae/xpt.tfa

locus ddl
ddl.fas
Sourced from http://pubmlst.org/data/alleles/spneumoniae/ddl.tfa

