definitions: campylobacter.txt
8059 profiles
sourced from: http://pubmlst.org/data/profiles/campylobacter.txt

locus aspA
aspA.fas
Sourced from http://pubmlst.org/data/alleles/campylobacter/aspA.tfa

locus glnA
glnA.fas
Sourced from http://pubmlst.org/data/alleles/campylobacter/glnA.tfa

locus gltA
gltA.fas
Sourced from http://pubmlst.org/data/alleles/campylobacter/gltA.tfa

locus glyA
glyA.fas
Sourced from http://pubmlst.org/data/alleles/campylobacter/glyA.tfa

locus pgm
pgm.fas
Sourced from http://pubmlst.org/data/alleles/campylobacter/pgm.tfa

locus tkt
tkt.fas
Sourced from http://pubmlst.org/data/alleles/campylobacter/tkt.tfa

locus uncA
uncA.fas
Sourced from http://pubmlst.org/data/alleles/campylobacter/uncA.tfa

